<?xml version="1.0" encoding="UTF-8"?>
<!-- Generated by org.testng.reporters.JUnitReportReporter -->
<testsuite hostname="LAPTOP-JT4ULGK8" failures="0" tests="1" name="Mypackage.Code2" time="0.006" errors="0" timestamp="2022-03-01T14:58:42 SGT" skipped="0">
  <testcase classname="Mypackage.Code2" name="mysample2" time="0.006"/>
  <system-out/>
</testsuite> <!-- Mypackage.Code2 -->
