<?xml version="1.0" encoding="UTF-8"?>
<!-- Generated by org.testng.reporters.JUnitReportReporter -->
<testsuite hostname="LAPTOP-JT4ULGK8" failures="0" tests="1" name="Mypackage.Code6Test" time="0.001" errors="0" timestamp="2022-03-01T22:22:31 SGT" skipped="0">
  <testcase classname="Mypackage.Code6Test" name="mysample3" time="0.001"/>
  <system-out/>
</testsuite> <!-- Mypackage.Code6Test -->
